Arguments: 
  C:\Program Files\nodejs\node.exe C:\Program Files (x86)\Yarn\bin\yarn.js install

PATH: 
  C:\Program Files\Git\mingw64\bin;C:\Program Files\Git\usr\bin;C:\Users\mrchr\bin;C:\Users\mrchr\bin;C:\Program Files\Git\mingw64\bin;C:\Program Files\Git\usr\local\bin;C:\Program Files\Git\usr\bin;C:\Program Files\Git\usr\bin;C:\Program Files\Git\mingw64\bin;C:\Program Files\Git\usr\bin;C:\Users\mrchr\bin;C:\Python38\Scripts;C:\Python38;C:\Python27;C:\Python27\Scripts;C:\WINDOWS\system32;C:\WINDOWS;C:\WINDOWS\System32\Wbem;C:\WINDOWS\System32\WindowsPowerShell\v1.0;C:\WINDOWS\System32\OpenSSH;C:\Program Files\Java\jdk-14\bin;C:\ProgramData\chocolatey\bin;C:\Program Files\PowerShell\7;C:\Program Files\Java\jdk-13.0.2\bin;C:\Program Files\Microsoft SQL Server\Client SDK\ODBC\170\Tools\Binn;C:\Program Files (x86)\Microsoft SQL Server\150\Tools\Binn;C:\Program Files\Microsoft SQL Server\150\Tools\Binn;C:\Program Files\Microsoft SQL Server\150\DTS\Binn;C:\Program Files (x86)\Microsoft SQL Server\150\DTS\Binn;C:\Program Files\Git\cmd;C:\Program Files\nodejs;C:\Program Files (x86)\Yarn\bin;C:\Ruby27-x64\bin;C:\Users\mrchr\AppData\Local\Microsoft\WindowsApps;C:\Users\mrchr\Documents\IntelliJ IDEA Community Edition 2019.3.3\bin;C:\Users\mrchr\AppData\Local\Programs\Microsoft VS Code\bin;C:\Program Files\MongoDB\Server\4.2\bin;C:\Program Files\heroku\bin;C:\Users\mrchr\AppData\Roaming\npm;C:\Users\mrchr\AppData\Local\Yarn\bin;C:\Program Files\Git\usr\bin\vendor_perl;C:\Program Files\Git\usr\bin\core_perl

Yarn version: 
  1.22.5

Node version: 
  14.15.0

Platform: 
  win32 x64

Trace: 
  Error: https://registry.yarnpkg.com/babel%2fcore: Request "https://registry.yarnpkg.com/babel%2fcore" returned a 405
      at Request.params.callback [as _callback] (C:\Program Files (x86)\Yarn\lib\cli.js:66106:18)
      at Request.self.callback (C:\Program Files (x86)\Yarn\lib\cli.js:140749:22)
      at Request.emit (events.js:315:20)
      at Request.<anonymous> (C:\Program Files (x86)\Yarn\lib\cli.js:141721:10)
      at Request.emit (events.js:315:20)
      at IncomingMessage.<anonymous> (C:\Program Files (x86)\Yarn\lib\cli.js:141643:12)
      at Object.onceWrapper (events.js:421:28)
      at IncomingMessage.emit (events.js:327:22)
      at endReadableNT (_stream_readable.js:1327:12)
      at processTicksAndRejections (internal/process/task_queues.js:80:21)

npm manifest: 
  {
    "name": "TouchstoneSkool",
    "version": "1.0.0",
    "description": "A portfolio that is interactive",
    "main": "index.js",
    "author": "Awemu Christian Ndifor",
    "license": "MIT",
    "dependencies": {
      "@hot-loader/react-dom":"17.0.0",
      "express":"4.17.1",
      "mongodb":"3.6.3",
      "react":"17.0.1",
      "react-dom":"17.0.1",
      "react-hot-loader":"4.13.0"
    },
    "devDependencies": {
      "babel/core":"7.9.0",
      "babel/preset-env":"7.9.0",
      "babel/preset-react":"7.9.4",
      "babel-loader":"8.2.1",
      "nodemon":"2.0.6",
      "webpack":"5.4.0",
      "webpack-cli":"4.2.0",
      "webpack-dev-middleware":"4.0.2",
      "webpack-hot-middleware":"2.25.0",
      "webpack-node-externals":"2.5.2"
    }
  }

yarn manifest: 
  No manifest

Lockfile: 
  No lockfile
